Thu 14 Sep 2023 07:37:24 PM UTC: 
 tests:  1|8
total_score: 0/70
806dd41
Fri 15 Sep 2023 03:44:16 AM UTC: 
 treemap.c | 8 +++++++-
 1 file changed, 7 insertions(+), 1 deletion(-)
 tests:  3|8
total_score: 0/70
1944cbc
Fri 15 Sep 2023 03:46:36 AM UTC: 
 treemap.c | 2 +-
 1 file changed, 1 insertion(+), 1 deletion(-)
 tests:  4|7
total_score: 5/70
b7af22f
Fri 15 Sep 2023 03:49:56 AM UTC: 
 treemap.c | 3 +--
 1 file changed, 1 insertion(+), 2 deletions(-)
 tests:  4|7
total_score: 5/70
6aec455
Fri 15 Sep 2023 06:27:10 AM UTC: 
 treemap.c | 21 ++++++++++++++++++++-
 1 file changed, 20 insertions(+), 1 deletion(-)
 tests:  0|0
db3e244
Fri 15 Sep 2023 06:30:14 AM UTC: 
 treemap.c | 13 +++++++------
 1 file changed, 7 insertions(+), 6 deletions(-)
test.c: In function ‘searchTreeMap’:
test.c:503:5: error: ‘main’ is normally a non-static function [-Werror=main]
  503 | int main( int argc, char *argv[] ) {
      |     ^~~~
test.c:606:1: error: expected declaration or statement at end of input
  606 | }
      | ^
At top level:
test.c:503:5: error: ‘main’ defined but not used [-Werror=unused-function]
  503 | int main( int argc, char *argv[] ) {
      |     ^~~~
cc1: all warnings being treated as errors
Compilation failed
f229eee
Fri 15 Sep 2023 06:30:35 AM UTC: 
 treemap.c | 2 +-
 1 file changed, 1 insertion(+), 1 deletion(-)
 tests:  6|7
total_score: 5/70
768d263
Fri 15 Sep 2023 06:32:41 AM UTC: 
 treemap.c | 7 +++++--
 1 file changed, 5 insertions(+), 2 deletions(-)
 tests:  6|7
total_score: 5/70
113af1e
Fri 15 Sep 2023 06:37:01 AM UTC: 
 treemap.c | 4 ++--
 1 file changed, 2 insertions(+), 2 deletions(-)
 tests:  6|7
total_score: 5/70
4bae909
Fri 15 Sep 2023 06:38:39 AM UTC: 
 treemap.c | 2 +-
 1 file changed, 1 insertion(+), 1 deletion(-)
 tests:  6|7
total_score: 5/70
5cabaff
Fri 15 Sep 2023 06:40:28 AM UTC: 
 treemap.c | 4 ++--
 1 file changed, 2 insertions(+), 2 deletions(-)
 tests:  6|7
total_score: 5/70
957ab51
Fri 15 Sep 2023 06:42:41 AM UTC: 
 treemap.c | 4 ++--
 1 file changed, 2 insertions(+), 2 deletions(-)
 tests:  8|7
total_score: 5/70
71c38aa
Fri 15 Sep 2023 06:43:18 AM UTC: 
 treemap.c | 2 +-
 1 file changed, 1 insertion(+), 1 deletion(-)
 tests:  8|7
total_score: 5/70
7682247
Fri 15 Sep 2023 06:43:42 AM UTC: 
 treemap.c | 2 +-
 1 file changed, 1 insertion(+), 1 deletion(-)
 tests:  8|7
total_score: 5/70
31b6c39
Fri 15 Sep 2023 06:51:22 AM UTC: 
 treemap.c | 11 +++++++----
 1 file changed, 7 insertions(+), 4 deletions(-)
 tests:  8|7
total_score: 5/70
d029574
Fri 15 Sep 2023 06:58:27 AM UTC: 
 treemap.c | 2 +-
 1 file changed, 1 insertion(+), 1 deletion(-)
 tests:  4|7
total_score: 5/70
72554b8
Fri 15 Sep 2023 06:58:55 AM UTC: 
 treemap.c | 2 +-
 1 file changed, 1 insertion(+), 1 deletion(-)
 tests:  8|7
total_score: 5/70
90e9128
Fri 15 Sep 2023 07:01:45 AM UTC: 
 treemap.c | 2 ++
 1 file changed, 2 insertions(+)
 tests:  8|7
total_score: 5/70
1446f96
Fri 15 Sep 2023 07:04:25 AM UTC: 
 treemap.c | 2 +-
 1 file changed, 1 insertion(+), 1 deletion(-)
 tests:  8|7
total_score: 5/70
be5e38e
Fri 15 Sep 2023 07:06:37 AM UTC: 
 treemap.c | 4 ++--
 1 file changed, 2 insertions(+), 2 deletions(-)
 tests:  6|7
total_score: 5/70
6b45a82
Fri 15 Sep 2023 07:08:24 AM UTC: 
 treemap.c | 4 ++--
 1 file changed, 2 insertions(+), 2 deletions(-)
In file included from test.c:4:
treemap.c: In function ‘searchTreeMap’:
treemap.c:101:56: error: expected ‘)’ before ‘{’ token
  101 |     else if ((tree->lower_than(key,nodo->pair->key)==1){
      |             ~                                          ^
      |                                                        )
treemap.c:104:3: error: expected expression before ‘}’ token
  104 |   }
      |   ^
Compilation failed
16932d4
Fri 15 Sep 2023 07:09:18 AM UTC: 
 treemap.c | 6 +++---
 1 file changed, 3 insertions(+), 3 deletions(-)
In file included from test.c:4:
treemap.c: In function ‘searchTreeMap’:
treemap.c:97:10: error: left-hand operand of comma expression has no effect [-Werror=unused-value]
   97 |     } key,nodo->pair->key
      |          ^
treemap.c:97:10: error: statement with no effect [-Werror=unused-value]
treemap.c:97:26: error: expected ‘;’ before ‘else’
   97 |     } key,nodo->pair->key
      |                          ^
      |                          ;
   98 |     else if ((tree->lower_than(key,nodo->pair->key))==1){
      |     ~~~~                  
test.c:503:5: error: ‘main’ is normally a non-static function [-Werror=main]
  503 | int main( int argc, char *argv[] ) {
      |     ^~~~
test.c:606:1: error: expected declaration or statement at end of input
  606 | }
      | ^
test.c:607: error: control reaches end of non-void function [-Werror=return-type]
At top level:
test.c:503:5: error: ‘main’ defined but not used [-Werror=unused-function]
  503 | int main( int argc, char *argv[] ) {
      |     ^~~~
cc1: all warnings being treated as errors
Compilation failed
0dd0d19
Fri 15 Sep 2023 07:09:28 AM UTC: 
 treemap.c | 2 +-
 1 file changed, 1 insertion(+), 1 deletion(-)
In file included from test.c:4:
treemap.c: In function ‘searchTreeMap’:
treemap.c:101:56: error: expected ‘)’ before ‘{’ token
  101 |     else if ((tree->lower_than(nodo->pair->key,key)==1){
      |             ~                                          ^
      |                                                        )
treemap.c:104:3: error: expected expression before ‘}’ token
  104 |   }
      |   ^
Compilation failed
7cf81fd
Fri 15 Sep 2023 07:09:39 AM UTC: 
 treemap.c | 2 +-
 1 file changed, 1 insertion(+), 1 deletion(-)
In file included from test.c:4:
treemap.c: In function ‘searchTreeMap’:
treemap.c:101:56: error: expected ‘)’ before ‘{’ token
  101 |     else if ((tree->lower_than(nodo->pair->key,key)==1){
      |             ~                                          ^
      |                                                        )
treemap.c:104:3: error: expected expression before ‘}’ token
  104 |   }
      |   ^
Compilation failed
6476b14
Fri 15 Sep 2023 07:20:00 AM UTC: 
 treemap.c | 2 +-
 1 file changed, 1 insertion(+), 1 deletion(-)
In file included from test.c:4:
treemap.c: In function ‘searchTreeMap’:
treemap.c:101:56: error: expected ‘)’ before ‘{’ token
  101 |     else if ((tree->lower_than(nodo->pair->key,key)==1){
      |             ~                                          ^
      |                                                        )
treemap.c:104:3: error: expected expression before ‘}’ token
  104 |   }
      |   ^
Compilation failed
9a2b97e
Fri 15 Sep 2023 07:20:19 AM UTC: 
 treemap.c | 4 ++--
 1 file changed, 2 insertions(+), 2 deletions(-)
In file included from test.c:4:
treemap.c: In function ‘searchTreeMap’:
treemap.c:101:51: error: expected ‘)’ before ‘{’ token
  101 |     if ((tree->lower_than(nodo->pair->key,key)==1){
      |        ~                                          ^
      |                                                   )
treemap.c:104:3: error: expected expression before ‘}’ token
  104 |   }
      |   ^
Compilation failed
493f020
Fri 15 Sep 2023 07:21:13 AM UTC: 
 treemap.c | 4 ++--
 1 file changed, 2 insertions(+), 2 deletions(-)
In file included from test.c:4:
treemap.c: In function ‘searchTreeMap’:
treemap.c:98:51: error: expected ‘)’ before ‘{’ token
   98 |     if ((tree->lower_than(nodo->pair->key,key)==1){
      |        ~                                          ^
      |                                                   )
treemap.c:107:1: error: expected expression before ‘}’ token
  107 | }
      | ^
test.c:503:5: error: ‘main’ is normally a non-static function [-Werror=main]
  503 | int main( int argc, char *argv[] ) {
      |     ^~~~
test.c:606:1: error: expected declaration or statement at end of input
  606 | }
      | ^
test.c:607: error: control reaches end of non-void function [-Werror=return-type]
At top level:
test.c:503:5: error: ‘main’ defined but not used [-Werror=unused-function]
  503 | int main( int argc, char *argv[] ) {
      |     ^~~~
cc1: all warnings being treated as errors
Compilation failed
b815b72
Fri 15 Sep 2023 07:22:00 AM UTC: 
 treemap.c | 2 +-
 1 file changed, 1 insertion(+), 1 deletion(-)
In file included from test.c:4:
treemap.c: In function ‘searchTreeMap’:
treemap.c:98:51: error: expected ‘)’ before ‘{’ token
   98 |     if ((tree->lower_than(nodo->pair->key,key)>=1){
      |        ~                                          ^
      |                                                   )
treemap.c:107:1: error: expected expression before ‘}’ token
  107 | }
      | ^
test.c:503:5: error: ‘main’ is normally a non-static function [-Werror=main]
  503 | int main( int argc, char *argv[] ) {
      |     ^~~~
test.c:606:1: error: expected declaration or statement at end of input
  606 | }
      | ^
test.c:607: error: control reaches end of non-void function [-Werror=return-type]
At top level:
test.c:503:5: error: ‘main’ defined but not used [-Werror=unused-function]
  503 | int main( int argc, char *argv[] ) {
      |     ^~~~
cc1: all warnings being treated as errors
Compilation failed
73d12dc
Fri 15 Sep 2023 07:22:13 AM UTC: 
 treemap.c | 4 ++--
 1 file changed, 2 insertions(+), 2 deletions(-)
In file included from test.c:4:
treemap.c: In function ‘searchTreeMap’:
treemap.c:98:51: error: expected ‘)’ before ‘{’ token
   98 |     if ((tree->lower_than(nodo->pair->key,key)==1){
      |        ~                                          ^
      |                                                   )
treemap.c:107:1: error: expected expression before ‘}’ token
  107 | }
      | ^
test.c:503:5: error: ‘main’ is normally a non-static function [-Werror=main]
  503 | int main( int argc, char *argv[] ) {
      |     ^~~~
test.c:606:1: error: expected declaration or statement at end of input
  606 | }
      | ^
test.c:607: error: control reaches end of non-void function [-Werror=return-type]
At top level:
test.c:503:5: error: ‘main’ defined but not used [-Werror=unused-function]
  503 | int main( int argc, char *argv[] ) {
      |     ^~~~
cc1: all warnings being treated as errors
Compilation failed
a4fbd3f
Fri 15 Sep 2023 07:28:15 AM UTC: 
 treemap.c | 2 +-
 1 file changed, 1 insertion(+), 1 deletion(-)
In file included from test.c:4:
treemap.c: In function ‘searchTreeMap’:
treemap.c:98:51: error: expected ‘)’ before ‘{’ token
   98 |     if ((tree->lower_than(nodo->pair->key,key)==1){
      |        ~                                          ^
      |                                                   )
treemap.c:107:1: error: expected expression before ‘}’ token
  107 | }
      | ^
test.c:503:5: error: ‘main’ is normally a non-static function [-Werror=main]
  503 | int main( int argc, char *argv[] ) {
      |     ^~~~
test.c:606:1: error: expected declaration or statement at end of input
  606 | }
      | ^
test.c:607: error: control reaches end of non-void function [-Werror=return-type]
At top level:
test.c:503:5: error: ‘main’ defined but not used [-Werror=unused-function]
  503 | int main( int argc, char *argv[] ) {
      |     ^~~~
cc1: all warnings being treated as errors
Compilation failed
593b50c
Fri 15 Sep 2023 07:30:33 AM UTC: 
 treemap.c | 2 +-
 1 file changed, 1 insertion(+), 1 deletion(-)
In file included from test.c:4:
treemap.c: In function ‘searchTreeMap’:
treemap.c:98:51: error: expected ‘)’ before ‘{’ token
   98 |     if ((tree->lower_than(nodo->pair->key,key)==1){
      |        ~                                          ^
      |                                                   )
treemap.c:107:1: error: expected expression before ‘}’ token
  107 | }
      | ^
test.c:503:5: error: ‘main’ is normally a non-static function [-Werror=main]
  503 | int main( int argc, char *argv[] ) {
      |     ^~~~
test.c:606:1: error: expected declaration or statement at end of input
  606 | }
      | ^
test.c:607: error: control reaches end of non-void function [-Werror=return-type]
At top level:
test.c:503:5: error: ‘main’ defined but not used [-Werror=unused-function]
  503 | int main( int argc, char *argv[] ) {
      |     ^~~~
cc1: all warnings being treated as errors
Compilation failed
178b569
Fri 15 Sep 2023 07:31:04 AM UTC: 
 treemap.c | 2 +-
 1 file changed, 1 insertion(+), 1 deletion(-)
In file included from test.c:4:
treemap.c: In function ‘searchTreeMap’:
treemap.c:98:51: error: expected ‘)’ before ‘{’ token
   98 |     if ((tree->lower_than(nodo->pair->key,key)==1){
      |        ~                                          ^
      |                                                   )
treemap.c:107:1: error: expected expression before ‘}’ token
  107 | }
      | ^
test.c:503:5: error: ‘main’ is normally a non-static function [-Werror=main]
  503 | int main( int argc, char *argv[] ) {
      |     ^~~~
test.c:606:1: error: expected declaration or statement at end of input
  606 | }
      | ^
test.c:607: error: control reaches end of non-void function [-Werror=return-type]
At top level:
test.c:503:5: error: ‘main’ defined but not used [-Werror=unused-function]
  503 | int main( int argc, char *argv[] ) {
      |     ^~~~
cc1: all warnings being treated as errors
Compilation failed
9b09c97
Fri 15 Sep 2023 07:31:46 AM UTC: 
 treemap.c | 4 ++--
 1 file changed, 2 insertions(+), 2 deletions(-)
In file included from test.c:4:
treemap.c: In function ‘searchTreeMap’:
treemap.c:98:51: error: expected ‘)’ before ‘{’ token
   98 |     if ((tree->lower_than(nodo->pair->key,key)==1){
      |        ~                                          ^
      |                                                   )
treemap.c:107:1: error: expected expression before ‘}’ token
  107 | }
      | ^
test.c:503:5: error: ‘main’ is normally a non-static function [-Werror=main]
  503 | int main( int argc, char *argv[] ) {
      |     ^~~~
test.c:606:1: error: expected declaration or statement at end of input
  606 | }
      | ^
test.c:607: error: control reaches end of non-void function [-Werror=return-type]
At top level:
test.c:503:5: error: ‘main’ defined but not used [-Werror=unused-function]
  503 | int main( int argc, char *argv[] ) {
      |     ^~~~
cc1: all warnings being treated as errors
Compilation failed
f2cb0c1
Fri 15 Sep 2023 07:32:07 AM UTC: 
 treemap.c | 2 +-
 1 file changed, 1 insertion(+), 1 deletion(-)
In file included from test.c:4:
treemap.c: In function ‘searchTreeMap’:
treemap.c:98:51: error: expected ‘)’ before ‘{’ token
   98 |     if ((tree->lower_than(nodo->pair->key,key)==1){
      |        ~                                          ^
      |                                                   )
treemap.c:107:1: error: expected expression before ‘}’ token
  107 | }
      | ^
test.c:503:5: error: ‘main’ is normally a non-static function [-Werror=main]
  503 | int main( int argc, char *argv[] ) {
      |     ^~~~
test.c:606:1: error: expected declaration or statement at end of input
  606 | }
      | ^
test.c:607: error: control reaches end of non-void function [-Werror=return-type]
At top level:
test.c:503:5: error: ‘main’ defined but not used [-Werror=unused-function]
  503 | int main( int argc, char *argv[] ) {
      |     ^~~~
cc1: all warnings being treated as errors
Compilation failed
3cba221
Fri 15 Sep 2023 07:32:39 AM UTC: 
 treemap.c | 2 +-
 1 file changed, 1 insertion(+), 1 deletion(-)
In file included from test.c:4:
treemap.c: In function ‘searchTreeMap’:
treemap.c:98:51: error: expected ‘)’ before ‘{’ token
   98 |     if ((tree->lower_than(nodo->pair->key,key)==1){
      |        ~                                          ^
      |                                                   )
treemap.c:104:3: error: expected expression before ‘}’ token
  104 |   }
      |   ^
Compilation failed
b67aac6
Fri 15 Sep 2023 07:33:17 AM UTC: 
 treemap.c | 2 +-
 1 file changed, 1 insertion(+), 1 deletion(-)
In file included from test.c:4:
treemap.c: In function ‘searchTreeMap’:
treemap.c:98:51: error: expected ‘)’ before ‘{’ token
   98 |     if ((tree->lower_than(key,nodo->pair->key)==1){
      |        ~                                          ^
      |                                                   )
treemap.c:104:3: error: expected expression before ‘}’ token
  104 |   }
      |   ^
Compilation failed
d2c6a3c
Fri 15 Sep 2023 07:34:17 AM UTC: 
 treemap.c | 2 +-
 1 file changed, 1 insertion(+), 1 deletion(-)
In file included from test.c:4:
treemap.c: In function ‘searchTreeMap’:
treemap.c:98:51: error: expected ‘)’ before ‘{’ token
   98 |     if ((tree->lower_than(key,nodo->pair->key)==1){
      |        ~                                          ^
      |                                                   )
treemap.c:107:1: error: expected expression before ‘}’ token
  107 | }
      | ^
test.c:503:5: error: ‘main’ is normally a non-static function [-Werror=main]
  503 | int main( int argc, char *argv[] ) {
      |     ^~~~
test.c:606:1: error: expected declaration or statement at end of input
  606 | }
      | ^
test.c:607: error: control reaches end of non-void function [-Werror=return-type]
At top level:
test.c:503:5: error: ‘main’ defined but not used [-Werror=unused-function]
  503 | int main( int argc, char *argv[] ) {
      |     ^~~~
cc1: all warnings being treated as errors
Compilation failed
b9f7faa
Fri 15 Sep 2023 07:35:19 AM UTC: 
 treemap.c | 11 ++---------
 1 file changed, 2 insertions(+), 9 deletions(-)
 tests:  8|7
total_score: 5/70
ef0e409
Fri 15 Sep 2023 07:37:18 AM UTC: 
 treemap.c | 21 ++++++++++++++++++++-
 1 file changed, 20 insertions(+), 1 deletion(-)
In file included from test.c:4:
treemap.c: In function ‘searchTreeMap’:
treemap.c:106:26: error: ‘TreeMap’ has no member named ‘is_equal’
  106 |     int comparison = tree->is_equal(current->pair->key, key);
      |                          ^~
Compilation failed
88401fe
Fri 15 Sep 2023 07:43:19 AM UTC: 
 treemap.c | 23 ++---------------------
 1 file changed, 2 insertions(+), 21 deletions(-)
 tests:  4|7
total_score: 5/70
a21e27a
Fri 15 Sep 2023 07:43:42 AM UTC: 
 treemap.c | 2 +-
 1 file changed, 1 insertion(+), 1 deletion(-)
 tests:  4|7
total_score: 5/70
4c8b2bb
Fri 15 Sep 2023 07:44:27 AM UTC: 
 treemap.c | 2 +-
 1 file changed, 1 insertion(+), 1 deletion(-)
 tests:  8|7
total_score: 5/70
fb94a99
Fri 15 Sep 2023 07:54:27 AM UTC: 
 treemap.c | 8 +++++---
 1 file changed, 5 insertions(+), 3 deletions(-)
 tests:  6|7
total_score: 5/70
1065137
Fri 15 Sep 2023 07:58:32 AM UTC: 
 treemap.c | 10 +++++++---
 1 file changed, 7 insertions(+), 3 deletions(-)
 tests:  11|6
total_score: 15/70
b222061
Fri 15 Sep 2023 08:01:04 AM UTC: 
 treemap.c | 9 ++-------
 1 file changed, 2 insertions(+), 7 deletions(-)
 tests:  11|6
total_score: 15/70
c808dc0
Fri 15 Sep 2023 08:10:29 AM UTC: 
 treemap.c | 11 ++++++++++-
 1 file changed, 10 insertions(+), 1 deletion(-)
In file included from test.c:4:
treemap.c: In function ‘insertTreeMap’:
treemap.c:61:13: error: unused variable ‘current’ [-Werror=unused-variable]
   61 |   TreeNode* current = tree->current;
      |             ^~~~~~~
treemap.c:60:14: error: unused variable ‘nuevo_nodo’ [-Werror=unused-variable]
   60 |   TreeNode * nuevo_nodo= createTreeNode(key,value);
      |              ^~~~~~~~~~
cc1: all warnings being treated as errors
Compilation failed
dc5e8dc
Fri 15 Sep 2023 08:10:52 AM UTC: 
 treemap.c | 2 +-
 1 file changed, 1 insertion(+), 1 deletion(-)
In file included from test.c:4:
treemap.c: In function ‘insertTreeMap’:
treemap.c:61:13: error: redefinition of ‘nuevo_nodo’
   61 |   TreeNode *nuevo_nodo = tree->current;
      |             ^~~~~~~~~~
treemap.c:60:14: note: previous definition of ‘nuevo_nodo’ with type ‘TreeNode *’
   60 |   TreeNode * nuevo_nodo= createTreeNode(key,value);
      |              ^~~~~~~~~~
treemap.c:61:13: error: unused variable ‘nuevo_nodo’ [-Werror=unused-variable]
   61 |   TreeNode *nuevo_nodo = tree->current;
      |             ^~~~~~~~~~
cc1: all warnings being treated as errors
Compilation failed
426acfb
Sat 16 Sep 2023 12:21:19 AM UTC: 
 treemap.c | 35 +++++++++++++++++++++++++++++++----
 1 file changed, 31 insertions(+), 4 deletions(-)
In file included from test.c:4:
treemap.c: In function ‘insertTreeMap’:
treemap.c:76:60: error: expected ‘)’ before ‘{’ token
   76 |       else if (tree->lower_than(tree->root->pair->key,tree){
      |               ~                                            ^
      |                                                            )
treemap.c:80:5: error: expected expression before ‘}’ token
   80 |     }
      |     ^
treemap.c:65:16: error: unused variable ‘aux’ [-Werror=unused-variable]
   65 |     TreeNode * aux=  tree->root;
      |                ^~~
cc1: all warnings being treated as errors
Compilation failed
d6337a0
Sat 16 Sep 2023 01:37:19 AM UTC: 
 treemap.c | 26 +++++++++++++-------------
 1 file changed, 13 insertions(+), 13 deletions(-)
In file included from test.c:4:
treemap.c: In function ‘insertTreeMap’:
treemap.c:75:66: error: expected ‘)’ before ‘{’ token
   75 |       } else if ((tree->lower_than(tree->root->pair->key,key)==1){
      |                 ~                                                ^
      |                                                                  )
treemap.c:87:5: error: expected expression before ‘}’ token
   87 |     }
      |     ^
treemap.c:65:16: error: unused variable ‘aux’ [-Werror=unused-variable]
   65 |     TreeNode * aux=  tree->root;
      |                ^~~
cc1: all warnings being treated as errors
Compilation failed
2ecd21c
Sat 16 Sep 2023 01:38:45 AM UTC: 
 treemap.c | 2 ++
 1 file changed, 2 insertions(+)
In file included from test.c:4:
treemap.c: In function ‘insertTreeMap’:
treemap.c:75:66: error: expected ‘)’ before ‘{’ token
   75 |       } else if ((tree->lower_than(tree->root->pair->key,key)==1){
      |                 ~                                                ^
      |                                                                  )
treemap.c:87:5: error: expected expression before ‘}’ token
   87 |     }
      |     ^
treemap.c:65:16: error: unused variable ‘aux’ [-Werror=unused-variable]
   65 |     TreeNode * aux=  tree->root;
      |                ^~~
cc1: all warnings being treated as errors
Compilation failed
58004e7
Sat 16 Sep 2023 01:56:42 AM UTC: 
 treemap.c | 1 +
 1 file changed, 1 insertion(+)
In file included from test.c:4:
treemap.c: In function ‘insertTreeMap’:
treemap.c:76:66: error: expected ‘)’ before ‘{’ token
   76 |       } else if ((tree->lower_than(tree->root->pair->key,key)==1){
      |                 ~                                                ^
      |                                                                  )
treemap.c:88:5: error: expected expression before ‘}’ token
   88 |     }
      |     ^
treemap.c:66:16: error: unused variable ‘aux’ [-Werror=unused-variable]
   66 |     TreeNode * aux=  tree->root;
      |                ^~~
cc1: all warnings being treated as errors
Compilation failed
70c51f3
Sat 16 Sep 2023 01:57:08 AM UTC: 
 treemap.c | 2 +-
 1 file changed, 1 insertion(+), 1 deletion(-)
In file included from test.c:4:
treemap.c: In function ‘insertTreeMap’:
treemap.c:76:66: error: expected ‘)’ before ‘{’ token
   76 |       } else if ((tree->lower_than(tree->root->pair->key,key)==1){
      |                 ~                                                ^
      |                                                                  )
treemap.c:88:5: error: expected expression before ‘}’ token
   88 |     }
      |     ^
treemap.c:66:16: error: unused variable ‘aux’ [-Werror=unused-variable]
   66 |     TreeNode * aux=  tree->root;
      |                ^~~
cc1: all warnings being treated as errors
Compilation failed
038b2bb
Sat 16 Sep 2023 01:57:44 AM UTC: 
 treemap.c | 2 +-
 1 file changed, 1 insertion(+), 1 deletion(-)
In file included from test.c:4:
treemap.c: In function ‘insertTreeMap’:
treemap.c:76:66: error: expected ‘)’ before ‘{’ token
   76 |       } else if ((tree->lower_than(tree->root->pair->key,key)==1){
      |                 ~                                                ^
      |                                                                  )
treemap.c:88:5: error: expected expression before ‘}’ token
   88 |     }
      |     ^
Compilation failed
fdcaa4f
Sat 16 Sep 2023 02:32:30 AM UTC: 
 treemap.c | 4 ++--
 1 file changed, 2 insertions(+), 2 deletions(-)
In file included from test.c:4:
treemap.c: In function ‘insertTreeMap’:
treemap.c:76:66: error: expected ‘)’ before ‘{’ token
   76 |       } else if ((tree->lower_than(tree->root->pair->key,key)==1){
      |                 ~                                                ^
      |                                                                  )
treemap.c:88:5: error: expected expression before ‘}’ token
   88 |     }
      |     ^
Compilation failed
1ae651e
Sat 16 Sep 2023 02:43:49 AM UTC: 
 treemap.c | 35 +++++------------------------------
 1 file changed, 5 insertions(+), 30 deletions(-)
 tests:  11|6
total_score: 15/70
dc397cc
Sat 16 Sep 2023 02:56:45 AM UTC: 
 treemap.c | 18 ++++++++++++++++++
 1 file changed, 18 insertions(+)
test.c: In function ‘insertTreeMap’:
test.c:503:5: error: ‘main’ is normally a non-static function [-Werror=main]
  503 | int main( int argc, char *argv[] ) {
      |     ^~~~
test.c:606:1: error: expected declaration or statement at end of input
  606 | }
      | ^
At top level:
test.c:503:5: error: ‘main’ defined but not used [-Werror=unused-function]
  503 | int main( int argc, char *argv[] ) {
      |     ^~~~
cc1: all warnings being treated as errors
Compilation failed
ee27af3
Sat 16 Sep 2023 02:58:33 AM UTC: 
 treemap.c | 3 +++
 1 file changed, 3 insertions(+)
test.c: In function ‘insertTreeMap’:
test.c:503:5: error: ‘main’ is normally a non-static function [-Werror=main]
  503 | int main( int argc, char *argv[] ) {
      |     ^~~~
test.c:606:1: error: expected declaration or statement at end of input
  606 | }
      | ^
At top level:
test.c:503:5: error: ‘main’ defined but not used [-Werror=unused-function]
  503 | int main( int argc, char *argv[] ) {
      |     ^~~~
cc1: all warnings being treated as errors
Compilation failed
4705091
Sat 16 Sep 2023 02:59:50 AM UTC: 
 treemap.c | 2 +-
 1 file changed, 1 insertion(+), 1 deletion(-)
test.c: In function ‘insertTreeMap’:
test.c:503:5: error: ‘main’ is normally a non-static function [-Werror=main]
  503 | int main( int argc, char *argv[] ) {
      |     ^~~~
test.c:606:1: error: expected declaration or statement at end of input
  606 | }
      | ^
At top level:
test.c:503:5: error: ‘main’ defined but not used [-Werror=unused-function]
  503 | int main( int argc, char *argv[] ) {
      |     ^~~~
cc1: all warnings being treated as errors
Compilation failed
b1322af
Sat 16 Sep 2023 03:23:02 AM UTC: 
 treemap.c | 12 +++++++-----
 1 file changed, 7 insertions(+), 5 deletions(-)
test.c: In function ‘insertTreeMap’:
test.c:503:5: error: ‘main’ is normally a non-static function [-Werror=main]
  503 | int main( int argc, char *argv[] ) {
      |     ^~~~
test.c:606:1: error: expected declaration or statement at end of input
  606 | }
      | ^
At top level:
test.c:503:5: error: ‘main’ defined but not used [-Werror=unused-function]
  503 | int main( int argc, char *argv[] ) {
      |     ^~~~
cc1: all warnings being treated as errors
Compilation failed
6442b83
Sat 16 Sep 2023 03:23:39 AM UTC: 
 treemap.c | 2 +-
 1 file changed, 1 insertion(+), 1 deletion(-)
 tests:  13|5
total_score: 25/70
b0b9f7a
Sat 16 Sep 2023 03:26:15 AM UTC: 
 treemap.c | 4 ++--
 1 file changed, 2 insertions(+), 2 deletions(-)
 tests:  13|5
total_score: 25/70
48ec110
Sat 16 Sep 2023 03:37:06 AM UTC: 
 treemap.c | 13 +++++++++++--
 1 file changed, 11 insertions(+), 2 deletions(-)
In file included from test.c:4:
treemap.c: In function ‘minimum’:
treemap.c:105:1: error: control reaches end of non-void function [-Werror=return-type]
  105 | }
      | ^
cc1: all warnings being treated as errors
Compilation failed
7e4f276
Sat 16 Sep 2023 03:42:53 AM UTC: 
 treemap.c | 6 ++++++
 1 file changed, 6 insertions(+)
 tests:  15|4
total_score: 25/70
21ad22e
Sat 16 Sep 2023 04:13:42 AM UTC: 
 treemap.c | 38 +++++++++++++++++++++++++++++++++++++-
 1 file changed, 37 insertions(+), 1 deletion(-)
 tests:  16|4
total_score: 30/70
ff84e02
Sat 16 Sep 2023 04:32:51 AM UTC: 
 treemap.c | 17 +++++++++++++++++
 1 file changed, 17 insertions(+)
 tests:  16|4
total_score: 30/70
4c544b0
Sat 16 Sep 2023 04:34:03 AM UTC: 
 treemap.c | 3 ++-
 1 file changed, 2 insertions(+), 1 deletion(-)
 tests:  17|4
total_score: 35/70
9fee7a7
Sat 16 Sep 2023 05:39:14 AM UTC: 
 treemap.c | 29 ++++++++++++++++++++++++++---
 1 file changed, 26 insertions(+), 3 deletions(-)
 tests:  17|4
total_score: 35/70
e0f39c1
Sat 16 Sep 2023 07:43:49 AM UTC: 
 treemap.c | 17 ++++++++++++++---
 1 file changed, 14 insertions(+), 3 deletions(-)
In file included from test.c:4:
treemap.c: In function ‘upperBound’:
treemap.c:242:15: error: unused variable ‘aux’ [-Werror=unused-variable]
  242 |     TreeNode* aux = NULL;
      |               ^~~
treemap.c:250:1: error: control reaches end of non-void function [-Werror=return-type]
  250 | }
      | ^
cc1: all warnings being treated as errors
Compilation failed
fb7ed52
Sat 16 Sep 2023 07:52:47 AM UTC: 
 treemap.c | 21 +++++++++++++++------
 1 file changed, 15 insertions(+), 6 deletions(-)
test.c: In function ‘upperBound’:
test.c:503:5: error: ‘main’ is normally a non-static function [-Werror=main]
  503 | int main( int argc, char *argv[] ) {
      |     ^~~~
test.c:606:1: error: expected declaration or statement at end of input
  606 | }
      | ^
At top level:
test.c:503:5: error: ‘main’ defined but not used [-Werror=unused-function]
  503 | int main( int argc, char *argv[] ) {
      |     ^~~~
cc1: all warnings being treated as errors
Compilation failed
439f2f1
Sat 16 Sep 2023 07:57:51 AM UTC: 
 treemap.c | 9 +++++----
 1 file changed, 5 insertions(+), 4 deletions(-)
test.c: In function ‘upperBound’:
test.c:503:5: error: ‘main’ is normally a non-static function [-Werror=main]
  503 | int main( int argc, char *argv[] ) {
      |     ^~~~
test.c:606:1: error: expected declaration or statement at end of input
  606 | }
      | ^
At top level:
test.c:503:5: error: ‘main’ defined but not used [-Werror=unused-function]
  503 | int main( int argc, char *argv[] ) {
      |     ^~~~
cc1: all warnings being treated as errors
Compilation failed
77bb095
Sat 16 Sep 2023 07:58:26 AM UTC: 
 treemap.c | 9 +++++----
 1 file changed, 5 insertions(+), 4 deletions(-)
test.c: In function ‘upperBound’:
test.c:503:5: error: ‘main’ is normally a non-static function [-Werror=main]
  503 | int main( int argc, char *argv[] ) {
      |     ^~~~
test.c:606:1: error: expected declaration or statement at end of input
  606 | }
      | ^
At top level:
test.c:503:5: error: ‘main’ defined but not used [-Werror=unused-function]
  503 | int main( int argc, char *argv[] ) {
      |     ^~~~
cc1: all warnings being treated as errors
Compilation failed
3d0e939
Sat 16 Sep 2023 07:59:11 AM UTC: 
 treemap.c | 9 +++++----
 1 file changed, 5 insertions(+), 4 deletions(-)
test.c: In function ‘upperBound’:
test.c:503:5: error: ‘main’ is normally a non-static function [-Werror=main]
  503 | int main( int argc, char *argv[] ) {
      |     ^~~~
test.c:606:1: error: expected declaration or statement at end of input
  606 | }
      | ^
At top level:
test.c:503:5: error: ‘main’ defined but not used [-Werror=unused-function]
  503 | int main( int argc, char *argv[] ) {
      |     ^~~~
cc1: all warnings being treated as errors
Compilation failed
3da53d0
Sat 16 Sep 2023 08:00:22 AM UTC: 
 treemap.c | 3 +--
 1 file changed, 1 insertion(+), 2 deletions(-)
 tests:  18|4
total_score: 35/70
d8f5864
Sat 16 Sep 2023 08:00:38 AM UTC: 
 treemap.c | 2 +-
 1 file changed, 1 insertion(+), 1 deletion(-)
In file included from test.c:4:
treemap.c: In function ‘upperBound’:
treemap.c:256:10: error: ‘Nodo_ub’ may be used uninitialized in this function [-Werror=maybe-uninitialized]
  256 |   return Nodo_ub;
      |          ^~~~~~~
cc1: all warnings being treated as errors
Compilation failed
b5aae13
Sat 16 Sep 2023 08:01:35 AM UTC: 
 treemap.c | 2 +-
 1 file changed, 1 insertion(+), 1 deletion(-)
 tests:  18|4
total_score: 35/70
8a9cae9
Sat 16 Sep 2023 08:02:56 AM UTC: 
 treemap.c | 2 +-
 1 file changed, 1 insertion(+), 1 deletion(-)
 tests:  17|4
total_score: 35/70
de08d66
Sat 16 Sep 2023 08:04:05 AM UTC: 
 treemap.c | 11 ++++++-----
 1 file changed, 6 insertions(+), 5 deletions(-)
 tests:  17|4
total_score: 35/70
e7253fb
Sat 16 Sep 2023 08:04:37 AM UTC: 
 treemap.c | 4 ++--
 1 file changed, 2 insertions(+), 2 deletions(-)
In file included from test.c:4:
treemap.c: In function ‘upperBound’:
treemap.c:248:5: error: ‘else’ without a previous ‘if’
  248 |     else{
      |     ^~~~
Compilation failed
c8abc4a
Sat 16 Sep 2023 08:04:54 AM UTC: 
 treemap.c | 4 ++--
 1 file changed, 2 insertions(+), 2 deletions(-)
 tests:  21|3
total_score: 45/70
75a7c4a
Sat 16 Sep 2023 08:05:34 AM UTC: 
 treemap.c | 12 ++++++------
 1 file changed, 6 insertions(+), 6 deletions(-)
 tests:  18|4
total_score: 35/70
6a7578d
Sat 16 Sep 2023 08:06:00 AM UTC: 
 treemap.c | 12 ++++++------
 1 file changed, 6 insertions(+), 6 deletions(-)
 tests:  21|3
total_score: 45/70
251fec3
Sat 16 Sep 2023 08:07:10 AM UTC: 
 treemap.c | 6 ++----
 1 file changed, 2 insertions(+), 4 deletions(-)
 tests:  17|4
total_score: 35/70
43acd7d
Sat 16 Sep 2023 08:07:18 AM UTC: 
 treemap.c | 2 +-
 1 file changed, 1 insertion(+), 1 deletion(-)
 tests:  21|3
total_score: 45/70
ef3ed5e
Sat 16 Sep 2023 08:08:17 AM UTC: 
 treemap.c | 7 +++----
 1 file changed, 3 insertions(+), 4 deletions(-)
 tests:  21|3
total_score: 45/70
af6eb91
Sat 16 Sep 2023 08:10:46 AM UTC: 
 treemap.c | 2 ++
 1 file changed, 2 insertions(+)
 tests:  21|3
total_score: 45/70
4b7dd5c
Sat 16 Sep 2023 08:14:40 AM UTC: 
 treemap.c | 13 +++++++++++++
 1 file changed, 13 insertions(+)
 tests:  23|2
total_score: 50/70
7b812d6
Sat 16 Sep 2023 08:20:46 AM UTC: 
 treemap.c | 19 ++++++-------------
 1 file changed, 6 insertions(+), 13 deletions(-)
In file included from test.c:4:
treemap.c: In function ‘removeNode’:
treemap.c:183:16: error: statement with no effect [-Werror=unused-value]
  183 |     node->right->left;
      |     ~~~~~~~~~~~^~~~~~
cc1: all warnings being treated as errors
Compilation failed
92b7f4e
Sat 16 Sep 2023 08:23:14 AM UTC: 
 treemap.c | 15 +++++++++++----
 1 file changed, 11 insertions(+), 4 deletions(-)
 tests:  23|2
total_score: 50/70
f3d76f9
Sat 16 Sep 2023 08:25:15 AM UTC: 
 treemap.c | 29 +++++++++++++++--------------
 1 file changed, 15 insertions(+), 14 deletions(-)
test.c: In function ‘removeNode’:
test.c:503:5: error: ‘main’ is normally a non-static function [-Werror=main]
  503 | int main( int argc, char *argv[] ) {
      |     ^~~~
test.c:606:1: error: expected declaration or statement at end of input
  606 | }
      | ^
At top level:
test.c:503:5: error: ‘main’ defined but not used [-Werror=unused-function]
  503 | int main( int argc, char *argv[] ) {
      |     ^~~~
cc1: all warnings being treated as errors
Compilation failed
475eca7
